\BOOKMARK [1][-]{section.1}{\376\377\000I\000n\000t\000r\000o\000d\000u\000c\000t\000i\000o\000n}{}% 1
\BOOKMARK [1][-]{section.2}{\376\377\000C\000o\000n\000t\000e\000x\000t\000e}{}% 2
\BOOKMARK [2][-]{subsection.2.1}{\376\377\000A\000p\000p\000r\000o\000c\000h\000e\000\040\000c\000l\000i\000n\000i\000q\000u\000e\000\040\000e\000t\000\040\000i\000n\000g\000\351\000n\000i\000e\000r\000i\000e\000\040\000n\000e\000u\000r\000o\000-\000d\000\351\000v\000e\000l\000o\000p\000p\000e\000m\000e\000n\000t\000a\000l\000e}{section.2}% 3
\BOOKMARK [2][-]{subsection.2.2}{\376\377\000L\000e\000\040\000p\000r\000o\000j\000e\000t\000\040\000T\000E\000C\000H\000-\000T\000O\000Y\000S}{section.2}% 4
\BOOKMARK [3][-]{subsubsection.2.2.1}{\376\377\000L\000e\000\040\000p\000r\000o\000j\000e\000t\000\040\000C\000a\000r\000e\000T\000o\000y\000s}{subsection.2.2}% 5
\BOOKMARK [3][-]{subsubsection.2.2.2}{\376\377\000O\000r\000i\000g\000i\000n\000e\000\040\000e\000t\000\040\000r\000\351\000s\000u\000m\000\351\000\040\000d\000u\000\040\000p\000r\000o\000j\000e\000t}{subsection.2.2}% 6
\BOOKMARK [3][-]{subsubsection.2.2.3}{\376\377\000M\000o\000d\000u\000l\000e\000s\000\040\000d\000'\000i\000n\000g\000\351\000n\000i\000e\000r\000i\000e}{subsection.2.2}% 7
\BOOKMARK [3][-]{subsubsection.2.2.4}{\376\377\000O\000b\000j\000e\000c\000t\000i\000f\000s\000\040\000d\000u\000\040\000s\000t\000a\000g\000e}{subsection.2.2}% 8
\BOOKMARK [1][-]{section.3}{\376\377\000\311\000t\000a\000t\000\040\000d\000e\000\040\000l\000'\000a\000r\000t}{}% 9
\BOOKMARK [2][-]{subsection.3.1}{\376\377\000\311\000v\000a\000l\000u\000a\000t\000i\000o\000n\000\040\000c\000l\000i\000n\000i\000q\000u\000e\000\040\000d\000e\000s\000\040\000c\000o\000m\000p\000o\000r\000t\000e\000m\000e\000n\000t\000s\000\040\000m\000o\000t\000e\000u\000r\000s}{section.3}% 10
\BOOKMARK [2][-]{subsection.3.2}{\376\377\000\311\000v\000a\000l\000u\000a\000t\000i\000o\000n\000\040\000d\000e\000\040\000l\000a\000\040\000m\000o\000t\000r\000i\000c\000i\000t\000\351\000\040\000d\000u\000\040\000b\000r\000a\000s\000\040\000d\000e\000s\000\040\000e\000n\000f\000a\000n\000t\000s\000\040\000\340\000\040\000r\000i\000s\000q\000u\000e\000\040\000d\000e\000\040\000T\000N\000D\000s}{section.3}% 11
\BOOKMARK [1][-]{section.4}{\376\377\000M\000o\000d\000\350\000l\000e}{}% 12
\BOOKMARK [2][-]{subsection.4.1}{\376\377\000E\000s\000t\000i\000m\000a\000t\000i\000o\000n\000\040\000e\000t\000\040\000F\000i\000l\000t\000r\000a\000g\000e\000\040\000r\000\351\000c\000u\000r\000s\000i\000f\000\040\000b\000a\000y\000\351\000s\000i\000e\000n}{section.4}% 13
\BOOKMARK [2][-]{subsection.4.2}{\376\377\000F\000i\000l\000t\000r\000a\000g\000e\000\040\000p\000a\000r\000t\000i\000c\000u\000l\000a\000i\000r\000e}{section.4}% 14
\BOOKMARK [2][-]{subsection.4.3}{\376\377\000F\000i\000l\000t\000r\000e\000\040\000d\000e\000\040\000K\000a\000l\000m\000a\000n}{section.4}% 15
\BOOKMARK [3][-]{subsubsection.4.3.1}{\376\377\000F\000i\000l\000t\000r\000e\000\040\000d\000e\000\040\000K\000a\000l\000m\000a\000n\000\040\000\351\000t\000e\000n\000d\000u\000\040\000\050\000F\000K\000E\000\051}{subsection.4.3}% 16
\BOOKMARK [3][-]{subsubsection.4.3.2}{\376\377\000F\000i\000l\000t\000r\000e\000\040\000d\000e\000\040\000K\000a\000l\000m\000a\000n\000\040\000n\000o\000n\000\040\000p\000a\000r\000f\000u\000m\000\351\000\040}{subsection.4.3}% 17
\BOOKMARK [3][-]{subsubsection.4.3.3}{\376\377\000F\000i\000l\000t\000r\000e\000\040\000d\000e\000\040\000K\000a\000l\000m\000a\000n\000\040\000p\000o\000u\000r\000\040\000l\000'\000e\000s\000t\000i\000m\000a\000t\000i\000o\000n\000\040\000d\000'\000o\000r\000i\000e\000n\000t\000a\000t\000i\000o\000n}{subsection.4.3}% 18
\BOOKMARK [1][-]{section.5}{\376\377\000E\000x\000p\000\351\000r\000i\000e\000n\000c\000e}{}% 19
\BOOKMARK [2][-]{subsection.5.1}{\376\377\000E\000x\000t\000r\000a\000c\000t\000i\000o\000n\000\040\000d\000e\000\040\000d\000e\000s\000c\000r\000i\000p\000t\000e\000u\000r\000s}{section.5}% 20
\BOOKMARK [2][-]{subsection.5.2}{\376\377\000D\000a\000t\000a\000s\000e\000t}{section.5}% 21
\BOOKMARK [3][-]{subsubsection.5.2.1}{\376\377\000C\000a\000r\000e\000T\000o\000y\000s\000\040\000d\000a\000t\000a\000s\000e\000t}{subsection.5.2}% 22
\BOOKMARK [3][-]{subsubsection.5.2.2}{\376\377\000D\000a\000t\000a\000s\000e\000t\000\040\000\351\000m\000u\000l\000\351}{subsection.5.2}% 23
\BOOKMARK [2][-]{subsection.5.3}{\376\377\000R\000\351\000s\000u\000l\000t\000a\000t\000s}{section.5}% 24
\BOOKMARK [1][-]{section.6}{\376\377\000L\000i\000m\000i\000t\000e\000s}{}% 25
\BOOKMARK [1][-]{section.7}{\376\377\000C\000o\000n\000c\000l\000u\000s\000i\000o\000n}{}% 26
